<?xml version="1.0" encoding="UTF-8"?>
<coverage generated="1547330439354" clover="3.2.0">
  <project timestamp="1547330439354" name="All files">
    <metrics statements="76" coveredstatements="55" conditionals="23" coveredconditionals="8" methods="29" coveredmethods="23" elements="128" coveredelements="86" complexity="0" loc="76" ncloc="76" packages="2" files="9" classes="9">
      <package name="george-categories-component">
        <metrics statements="1" coveredstatements="1" conditionals="0" coveredconditionals="0" methods="0" coveredmethods="0"/>
        <file name="setupJest.js" path="/Users/georgedino/Desktop/Code/HackReactor/HRRPT10/sprints/rpt10-FEC/george-categories-component/setupJest.js">
          <metrics statements="1" coveredstatements="1" conditionals="0" coveredconditionals="0" methods="0" coveredmethods="0"/>
          <line num="1" count="1" type="stmt"/>
        </file>
      </package>
      <package name="george-categories-component.client.components">
        <metrics statements="75" coveredstatements="54" conditionals="23" coveredconditionals="8" methods="29" coveredmethods="23"/>
        <file name="CarouselGenerator.jsx" path="/Users/georgedino/Desktop/Code/HackReactor/HRRPT10/sprints/rpt10-FEC/george-categories-component/client/components/CarouselGenerator.jsx">
          <metrics statements="5" coveredstatements="5" conditionals="0" coveredconditionals="0" methods="4" coveredmethods="4"/>
          <line num="8" count="6" type="stmt"/>
          <line num="9" count="90" type="stmt"/>
          <line num="12" count="6" type="stmt"/>
          <line num="24" count="12" type="stmt"/>
          <line num="27" count="12" type="stmt"/>
        </file>
        <file name="Categorized_Lists.jsx" path="/Users/georgedino/Desktop/Code/HackReactor/HRRPT10/sprints/rpt10-FEC/george-categories-component/client/components/Categorized_Lists.jsx">
          <metrics statements="17" coveredstatements="17" conditionals="5" coveredconditionals="5" methods="10" coveredmethods="10"/>
          <line num="8" count="1" type="stmt"/>
          <line num="9" count="1" type="stmt"/>
          <line num="17" count="1" type="stmt"/>
          <line num="18" count="1" type="stmt"/>
          <line num="19" count="1" type="stmt"/>
          <line num="21" count="1" type="stmt"/>
          <line num="22" count="1" type="stmt"/>
          <line num="24" count="1" type="stmt"/>
          <line num="26" count="1" type="stmt"/>
          <line num="27" count="1" type="stmt"/>
          <line num="29" count="1" type="stmt"/>
          <line num="31" count="1" type="stmt"/>
          <line num="32" count="1" type="stmt"/>
          <line num="36" count="1" type="stmt"/>
          <line num="45" count="2" type="cond" truecount="5" falsecount="0"/>
          <line num="46" count="1" type="stmt"/>
          <line num="48" count="1" type="stmt"/>
        </file>
        <file name="PopularClips.jsx" path="/Users/georgedino/Desktop/Code/HackReactor/HRRPT10/sprints/rpt10-FEC/george-categories-component/client/components/PopularClips.jsx">
          <metrics statements="11" coveredstatements="4" conditionals="6" coveredconditionals="1" methods="4" coveredmethods="2"/>
          <line num="6" count="2" type="stmt"/>
          <line num="7" count="2" type="stmt"/>
          <line num="14" count="0" type="stmt"/>
          <line num="15" count="0" type="stmt"/>
          <line num="16" count="0" type="stmt"/>
          <line num="17" count="0" type="cond" truecount="0" falsecount="4"/>
          <line num="18" count="0" type="stmt"/>
          <line num="20" count="0" type="stmt"/>
          <line num="26" count="2" type="cond" truecount="1" falsecount="1"/>
          <line num="27" count="0" type="stmt"/>
          <line num="29" count="2" type="stmt"/>
        </file>
        <file name="RecentBroadcasts.jsx" path="/Users/georgedino/Desktop/Code/HackReactor/HRRPT10/sprints/rpt10-FEC/george-categories-component/client/components/RecentBroadcasts.jsx">
          <metrics statements="11" coveredstatements="4" conditionals="6" coveredconditionals="1" methods="4" coveredmethods="2"/>
          <line num="6" count="2" type="stmt"/>
          <line num="7" count="2" type="stmt"/>
          <line num="14" count="0" type="stmt"/>
          <line num="15" count="0" type="stmt"/>
          <line num="16" count="0" type="stmt"/>
          <line num="17" count="0" type="cond" truecount="0" falsecount="4"/>
          <line num="18" count="0" type="stmt"/>
          <line num="20" count="0" type="stmt"/>
          <line num="26" count="2" type="cond" truecount="1" falsecount="1"/>
          <line num="27" count="0" type="stmt"/>
          <line num="29" count="2" type="stmt"/>
        </file>
        <file name="RecentHighlights.jsx" path="/Users/georgedino/Desktop/Code/HackReactor/HRRPT10/sprints/rpt10-FEC/george-categories-component/client/components/RecentHighlights.jsx">
          <metrics statements="11" coveredstatements="4" conditionals="6" coveredconditionals="1" methods="4" coveredmethods="2"/>
          <line num="6" count="2" type="stmt"/>
          <line num="7" count="2" type="stmt"/>
          <line num="14" count="0" type="stmt"/>
          <line num="15" count="0" type="stmt"/>
          <line num="16" count="0" type="stmt"/>
          <line num="17" count="0" type="cond" truecount="0" falsecount="4"/>
          <line num="18" count="0" type="stmt"/>
          <line num="20" count="0" type="stmt"/>
          <line num="26" count="2" type="cond" truecount="1" falsecount="1"/>
          <line num="27" count="0" type="stmt"/>
          <line num="29" count="2" type="stmt"/>
        </file>
        <file name="SlideGenerator.jsx" path="/Users/georgedino/Desktop/Code/HackReactor/HRRPT10/sprints/rpt10-FEC/george-categories-component/client/components/SlideGenerator.jsx">
          <metrics statements="1" coveredstatements="1" conditionals="0" coveredconditionals="0" methods="1" coveredmethods="1"/>
          <line num="17" count="180" type="stmt"/>
        </file>
        <file name="Styles.jsx" path="/Users/georgedino/Desktop/Code/HackReactor/HRRPT10/sprints/rpt10-FEC/george-categories-component/client/components/Styles.jsx">
          <metrics statements="16" coveredstatements="16" conditionals="0" coveredconditionals="0" methods="2" coveredmethods="2"/>
          <line num="3" count="1" type="stmt"/>
          <line num="10" count="1" type="stmt"/>
          <line num="18" count="1" type="stmt"/>
          <line num="20" count="360" type="stmt"/>
          <line num="29" count="1" type="stmt"/>
          <line num="31" count="1" type="stmt"/>
          <line num="33" count="360" type="stmt"/>
          <line num="42" count="1" type="stmt"/>
          <line num="54" count="1" type="stmt"/>
          <line num="65" count="1" type="stmt"/>
          <line num="77" count="1" type="stmt"/>
          <line num="86" count="1" type="stmt"/>
          <line num="98" count="1" type="stmt"/>
          <line num="110" count="1" type="stmt"/>
          <line num="122" count="1" type="stmt"/>
          <line num="125" count="1" type="stmt"/>
        </file>
        <file name="mockTestData.js" path="/Users/georgedino/Desktop/Code/HackReactor/HRRPT10/sprints/rpt10-FEC/george-categories-component/client/components/mockTestData.js">
          <metrics statements="3" coveredstatements="3" conditionals="0" coveredconditionals="0" methods="0" coveredmethods="0"/>
          <line num="1" count="1" type="stmt"/>
          <line num="226" count="1" type="stmt"/>
          <line num="451" count="1" type="stmt"/>
        </file>
      </package>
    </metrics>
  </project>
</coverage>
