<?xml version="1.0" encoding="UTF-8"?>
<coverage generated="1547202821389" clover="3.2.0">
  <project timestamp="1547202821389" name="All files">
    <metrics statements="102" coveredstatements="81" conditionals="23" coveredconditionals="8" methods="31" coveredmethods="25" elements="156" coveredelements="114" complexity="0" loc="102" ncloc="102" packages="2" files="6" classes="6">
      <package name="george-categories-component">
        <metrics statements="1" coveredstatements="1" conditionals="0" coveredconditionals="0" methods="0" coveredmethods="0"/>
        <file name="setupJest.js" path="/Users/georgedino/Desktop/Code/HackReactor/HRRPT10/sprints/rpt10-FEC/george-categories-component/setupJest.js">
          <metrics statements="1" coveredstatements="1" conditionals="0" coveredconditionals="0" methods="0" coveredmethods="0"/>
          <line num="1" count="1" type="stmt"/>
        </file>
      </package>
      <package name="george-categories-component.client.components">
        <metrics statements="101" coveredstatements="80" conditionals="23" coveredconditionals="8" methods="31" coveredmethods="25"/>
        <file name="Categorized_Lists.jsx" path="/Users/georgedino/Desktop/Code/HackReactor/HRRPT10/sprints/rpt10-FEC/george-categories-component/client/components/Categorized_Lists.jsx">
          <metrics statements="17" coveredstatements="17" conditionals="5" coveredconditionals="5" methods="10" coveredmethods="10"/>
          <line num="8" count="1" type="stmt"/>
          <line num="9" count="1" type="stmt"/>
          <line num="17" count="1" type="stmt"/>
          <line num="18" count="1" type="stmt"/>
          <line num="19" count="1" type="stmt"/>
          <line num="21" count="1" type="stmt"/>
          <line num="22" count="1" type="stmt"/>
          <line num="24" count="1" type="stmt"/>
          <line num="26" count="1" type="stmt"/>
          <line num="27" count="1" type="stmt"/>
          <line num="29" count="1" type="stmt"/>
          <line num="31" count="1" type="stmt"/>
          <line num="32" count="1" type="stmt"/>
          <line num="36" count="1" type="stmt"/>
          <line num="45" count="2" type="cond" truecount="5" falsecount="0"/>
          <line num="46" count="1" type="stmt"/>
          <line num="48" count="1" type="stmt"/>
        </file>
        <file name="PopularClips.jsx" path="/Users/georgedino/Desktop/Code/HackReactor/HRRPT10/sprints/rpt10-FEC/george-categories-component/client/components/PopularClips.jsx">
          <metrics statements="27" coveredstatements="20" conditionals="6" coveredconditionals="1" methods="7" coveredmethods="5"/>
          <line num="5" count="1" type="stmt"/>
          <line num="12" count="1" type="stmt"/>
          <line num="20" count="1" type="stmt"/>
          <line num="22" count="44" type="stmt"/>
          <line num="31" count="1" type="stmt"/>
          <line num="33" count="1" type="stmt"/>
          <line num="35" count="44" type="stmt"/>
          <line num="44" count="1" type="stmt"/>
          <line num="56" count="1" type="stmt"/>
          <line num="67" count="1" type="stmt"/>
          <line num="79" count="1" type="stmt"/>
          <line num="88" count="1" type="stmt"/>
          <line num="100" count="1" type="stmt"/>
          <line num="112" count="1" type="stmt"/>
          <line num="126" count="2" type="stmt"/>
          <line num="127" count="2" type="stmt"/>
          <line num="130" count="2" type="stmt"/>
          <line num="134" count="2" type="stmt"/>
          <line num="289" count="0" type="stmt"/>
          <line num="290" count="0" type="stmt"/>
          <line num="291" count="0" type="stmt"/>
          <line num="292" count="0" type="cond" truecount="0" falsecount="4"/>
          <line num="293" count="0" type="stmt"/>
          <line num="295" count="0" type="stmt"/>
          <line num="301" count="2" type="cond" truecount="1" falsecount="1"/>
          <line num="302" count="0" type="stmt"/>
          <line num="304" count="2" type="stmt"/>
        </file>
        <file name="RecentBroadcasts.jsx" path="/Users/georgedino/Desktop/Code/HackReactor/HRRPT10/sprints/rpt10-FEC/george-categories-component/client/components/RecentBroadcasts.jsx">
          <metrics statements="27" coveredstatements="20" conditionals="6" coveredconditionals="1" methods="7" coveredmethods="5"/>
          <line num="5" count="1" type="stmt"/>
          <line num="12" count="1" type="stmt"/>
          <line num="20" count="1" type="stmt"/>
          <line num="22" count="44" type="stmt"/>
          <line num="31" count="1" type="stmt"/>
          <line num="33" count="1" type="stmt"/>
          <line num="35" count="44" type="stmt"/>
          <line num="44" count="1" type="stmt"/>
          <line num="56" count="1" type="stmt"/>
          <line num="67" count="1" type="stmt"/>
          <line num="79" count="1" type="stmt"/>
          <line num="88" count="1" type="stmt"/>
          <line num="100" count="1" type="stmt"/>
          <line num="112" count="1" type="stmt"/>
          <line num="126" count="2" type="stmt"/>
          <line num="127" count="2" type="stmt"/>
          <line num="130" count="2" type="stmt"/>
          <line num="134" count="2" type="stmt"/>
          <line num="289" count="0" type="stmt"/>
          <line num="290" count="0" type="stmt"/>
          <line num="291" count="0" type="stmt"/>
          <line num="292" count="0" type="cond" truecount="0" falsecount="4"/>
          <line num="293" count="0" type="stmt"/>
          <line num="295" count="0" type="stmt"/>
          <line num="301" count="2" type="cond" truecount="1" falsecount="1"/>
          <line num="302" count="0" type="stmt"/>
          <line num="304" count="2" type="stmt"/>
        </file>
        <file name="RecentHighlights.jsx" path="/Users/georgedino/Desktop/Code/HackReactor/HRRPT10/sprints/rpt10-FEC/george-categories-component/client/components/RecentHighlights.jsx">
          <metrics statements="27" coveredstatements="20" conditionals="6" coveredconditionals="1" methods="7" coveredmethods="5"/>
          <line num="5" count="1" type="stmt"/>
          <line num="12" count="1" type="stmt"/>
          <line num="20" count="1" type="stmt"/>
          <line num="22" count="44" type="stmt"/>
          <line num="31" count="1" type="stmt"/>
          <line num="33" count="1" type="stmt"/>
          <line num="35" count="44" type="stmt"/>
          <line num="44" count="1" type="stmt"/>
          <line num="56" count="1" type="stmt"/>
          <line num="67" count="1" type="stmt"/>
          <line num="79" count="1" type="stmt"/>
          <line num="88" count="1" type="stmt"/>
          <line num="100" count="1" type="stmt"/>
          <line num="112" count="1" type="stmt"/>
          <line num="126" count="2" type="stmt"/>
          <line num="127" count="2" type="stmt"/>
          <line num="130" count="2" type="stmt"/>
          <line num="134" count="2" type="stmt"/>
          <line num="289" count="0" type="stmt"/>
          <line num="290" count="0" type="stmt"/>
          <line num="291" count="0" type="stmt"/>
          <line num="292" count="0" type="cond" truecount="0" falsecount="4"/>
          <line num="293" count="0" type="stmt"/>
          <line num="295" count="0" type="stmt"/>
          <line num="301" count="2" type="cond" truecount="1" falsecount="1"/>
          <line num="302" count="0" type="stmt"/>
          <line num="304" count="2" type="stmt"/>
        </file>
        <file name="mockTestData.js" path="/Users/georgedino/Desktop/Code/HackReactor/HRRPT10/sprints/rpt10-FEC/george-categories-component/client/components/mockTestData.js">
          <metrics statements="3" coveredstatements="3" conditionals="0" coveredconditionals="0" methods="0" coveredmethods="0"/>
          <line num="1" count="1" type="stmt"/>
          <line num="227" count="1" type="stmt"/>
          <line num="453" count="1" type="stmt"/>
        </file>
      </package>
    </metrics>
  </project>
</coverage>
