{"/Users/georgedino/Desktop/Code/HackReactor/HRRPT10/sprints/rpt10-FEC/george-categories-component/setupJest.js": {"path":"/Users/georgedino/Desktop/Code/HackReactor/HRRPT10/sprints/rpt10-FEC/george-categories-component/setupJest.js","statementMap":{"0":{"start":{"line":1,"column":0},"end":{"line":1,"column":42}}},"fnMap":{},"branchMap":{},"s":{"0":1},"f":{},"b":{},"_coverageSchema":"332fd63041d2c1bcb487cc26dd0d5f7d97098a6c","hash":"880a22011ad0e378e4a07e879577baa3117ca483"}
,"/Users/georgedino/Desktop/Code/HackReactor/HRRPT10/sprints/rpt10-FEC/george-categories-component/client/components/Categorized_Lists.jsx": {"path":"/Users/georgedino/Desktop/Code/HackReactor/HRRPT10/sprints/rpt10-FEC/george-categories-component/client/components/Categorized_Lists.jsx","statementMap":{"0":{"start":{"line":8,"column":4},"end":{"line":8,"column":17}},"1":{"start":{"line":9,"column":4},"end":{"line":13,"column":5}},"2":{"start":{"line":17,"column":20},"end":{"line":17,"column":22}},"3":{"start":{"line":18,"column":4},"end":{"line":41,"column":7}},"4":{"start":{"line":19,"column":22},"end":{"line":19,"column":37}},"5":{"start":{"line":21,"column":6},"end":{"line":21,"column":40}},"6":{"start":{"line":22,"column":6},"end":{"line":22,"column":41}},"7":{"start":{"line":24,"column":22},"end":{"line":24,"column":37}},"8":{"start":{"line":26,"column":6},"end":{"line":26,"column":40}},"9":{"start":{"line":27,"column":6},"end":{"line":27,"column":37}},"10":{"start":{"line":29,"column":22},"end":{"line":29,"column":37}},"11":{"start":{"line":31,"column":6},"end":{"line":31,"column":36}},"12":{"start":{"line":32,"column":6},"end":{"line":32,"column":23}},"13":{"start":{"line":36,"column":6},"end":{"line":40,"column":9}},"14":{"start":{"line":45,"column":4},"end":{"line":55,"column":5}},"15":{"start":{"line":46,"column":6},"end":{"line":46,"column":64}},"16":{"start":{"line":48,"column":6},"end":{"line":54,"column":8}}},"fnMap":{"0":{"name":"(anonymous_0)","decl":{"start":{"line":7,"column":2},"end":{"line":7,"column":3}},"loc":{"start":{"line":7,"column":21},"end":{"line":14,"column":3}},"line":7},"1":{"name":"(anonymous_1)","decl":{"start":{"line":16,"column":2},"end":{"line":16,"column":3}},"loc":{"start":{"line":16,"column":22},"end":{"line":42,"column":3}},"line":16},"2":{"name":"(anonymous_2)","decl":{"start":{"line":19,"column":10},"end":{"line":19,"column":11}},"loc":{"start":{"line":19,"column":22},"end":{"line":19,"column":37}},"line":19},"3":{"name":"(anonymous_3)","decl":{"start":{"line":20,"column":10},"end":{"line":20,"column":11}},"loc":{"start":{"line":20,"column":20},"end":{"line":23,"column":5}},"line":20},"4":{"name":"(anonymous_4)","decl":{"start":{"line":24,"column":10},"end":{"line":24,"column":11}},"loc":{"start":{"line":24,"column":22},"end":{"line":24,"column":37}},"line":24},"5":{"name":"(anonymous_5)","decl":{"start":{"line":25,"column":10},"end":{"line":25,"column":11}},"loc":{"start":{"line":25,"column":20},"end":{"line":28,"column":5}},"line":25},"6":{"name":"(anonymous_6)","decl":{"start":{"line":29,"column":10},"end":{"line":29,"column":11}},"loc":{"start":{"line":29,"column":22},"end":{"line":29,"column":37}},"line":29},"7":{"name":"(anonymous_7)","decl":{"start":{"line":30,"column":10},"end":{"line":30,"column":11}},"loc":{"start":{"line":30,"column":20},"end":{"line":33,"column":5}},"line":30},"8":{"name":"(anonymous_8)","decl":{"start":{"line":34,"column":10},"end":{"line":34,"column":11}},"loc":{"start":{"line":34,"column":25},"end":{"line":41,"column":5}},"line":34},"9":{"name":"(anonymous_9)","decl":{"start":{"line":44,"column":2},"end":{"line":44,"column":3}},"loc":{"start":{"line":44,"column":11},"end":{"line":56,"column":3}},"line":44}},"branchMap":{"0":{"loc":{"start":{"line":45,"column":4},"end":{"line":55,"column":5}},"type":"if","locations":[{"start":{"line":45,"column":4},"end":{"line":55,"column":5}},{"start":{"line":45,"column":4},"end":{"line":55,"column":5}}],"line":45},"1":{"loc":{"start":{"line":45,"column":8},"end":{"line":45,"column":120}},"type":"binary-expr","locations":[{"start":{"line":45,"column":8},"end":{"line":45,"column":44}},{"start":{"line":45,"column":48},"end":{"line":45,"column":84}},{"start":{"line":45,"column":88},"end":{"line":45,"column":120}}],"line":45}},"s":{"0":1,"1":1,"2":1,"3":1,"4":1,"5":1,"6":1,"7":1,"8":1,"9":1,"10":1,"11":1,"12":1,"13":1,"14":2,"15":1,"16":1},"f":{"0":1,"1":1,"2":1,"3":1,"4":1,"5":1,"6":1,"7":1,"8":1,"9":2},"b":{"0":[1,1],"1":[2,1,1]},"_coverageSchema":"332fd63041d2c1bcb487cc26dd0d5f7d97098a6c","hash":"62c032fdc2fc60a1ec7ef7af62e8e6fd54896b3e"}
,"/Users/georgedino/Desktop/Code/HackReactor/HRRPT10/sprints/rpt10-FEC/george-categories-component/client/components/PopularClips.jsx": {"path":"/Users/georgedino/Desktop/Code/HackReactor/HRRPT10/sprints/rpt10-FEC/george-categories-component/client/components/PopularClips.jsx","statementMap":{"0":{"start":{"line":5,"column":18},"end":{"line":10,"column":1}},"1":{"start":{"line":12,"column":13},"end":{"line":18,"column":1}},"2":{"start":{"line":20,"column":15},"end":{"line":29,"column":1}},"3":{"start":{"line":22,"column":35},"end":{"line":22,"column":44}},"4":{"start":{"line":31,"column":16},"end":{"line":31,"column":28}},"5":{"start":{"line":33,"column":22},"end":{"line":42,"column":1}},"6":{"start":{"line":35,"column":35},"end":{"line":35,"column":44}},"7":{"start":{"line":44,"column":20},"end":{"line":54,"column":1}},"8":{"start":{"line":56,"column":18},"end":{"line":65,"column":1}},"9":{"start":{"line":67,"column":18},"end":{"line":77,"column":1}},"10":{"start":{"line":79,"column":15},"end":{"line":86,"column":1}},"11":{"start":{"line":88,"column":17},"end":{"line":98,"column":1}},"12":{"start":{"line":100,"column":14},"end":{"line":110,"column":1}},"13":{"start":{"line":112,"column":18},"end":{"line":122,"column":1}},"14":{"start":{"line":126,"column":4},"end":{"line":126,"column":17}},"15":{"start":{"line":127,"column":4},"end":{"line":129,"column":5}},"16":{"start":{"line":130,"column":4},"end":{"line":130,"column":57}},"17":{"start":{"line":134,"column":6},"end":{"line":285,"column":8}},"18":{"start":{"line":289,"column":4},"end":{"line":297,"column":7}},"19":{"start":{"line":290,"column":25},"end":{"line":290,"column":56}},"20":{"start":{"line":291,"column":24},"end":{"line":291,"column":51}},"21":{"start":{"line":292,"column":6},"end":{"line":296,"column":7}},"22":{"start":{"line":293,"column":8},"end":{"line":293,"column":40}},"23":{"start":{"line":295,"column":8},"end":{"line":295,"column":15}},"24":{"start":{"line":301,"column":4},"end":{"line":309,"column":5}},"25":{"start":{"line":302,"column":6},"end":{"line":302,"column":63}},"26":{"start":{"line":304,"column":6},"end":{"line":308,"column":8}}},"fnMap":{"0":{"name":"(anonymous_0)","decl":{"start":{"line":22,"column":26},"end":{"line":22,"column":27}},"loc":{"start":{"line":22,"column":35},"end":{"line":22,"column":44}},"line":22},"1":{"name":"(anonymous_1)","decl":{"start":{"line":35,"column":26},"end":{"line":35,"column":27}},"loc":{"start":{"line":35,"column":35},"end":{"line":35,"column":44}},"line":35},"2":{"name":"(anonymous_2)","decl":{"start":{"line":125,"column":2},"end":{"line":125,"column":3}},"loc":{"start":{"line":125,"column":21},"end":{"line":131,"column":3}},"line":125},"3":{"name":"(anonymous_3)","decl":{"start":{"line":133,"column":19},"end":{"line":133,"column":20}},"loc":{"start":{"line":133,"column":25},"end":{"line":286,"column":3}},"line":133},"4":{"name":"(anonymous_4)","decl":{"start":{"line":288,"column":2},"end":{"line":288,"column":3}},"loc":{"start":{"line":288,"column":23},"end":{"line":298,"column":3}},"line":288},"5":{"name":"(anonymous_5)","decl":{"start":{"line":289,"column":18},"end":{"line":289,"column":19}},"loc":{"start":{"line":289,"column":40},"end":{"line":297,"column":5}},"line":289},"6":{"name":"(anonymous_6)","decl":{"start":{"line":300,"column":2},"end":{"line":300,"column":3}},"loc":{"start":{"line":300,"column":11},"end":{"line":310,"column":3}},"line":300}},"branchMap":{"0":{"loc":{"start":{"line":292,"column":6},"end":{"line":296,"column":7}},"type":"if","locations":[{"start":{"line":292,"column":6},"end":{"line":296,"column":7}},{"start":{"line":292,"column":6},"end":{"line":296,"column":7}}],"line":292},"1":{"loc":{"start":{"line":292,"column":10},"end":{"line":292,"column":67}},"type":"binary-expr","locations":[{"start":{"line":292,"column":10},"end":{"line":292,"column":35}},{"start":{"line":292,"column":39},"end":{"line":292,"column":67}}],"line":292},"2":{"loc":{"start":{"line":301,"column":4},"end":{"line":309,"column":5}},"type":"if","locations":[{"start":{"line":301,"column":4},"end":{"line":309,"column":5}},{"start":{"line":301,"column":4},"end":{"line":309,"column":5}}],"line":301}},"s":{"0":1,"1":1,"2":1,"3":44,"4":1,"5":1,"6":44,"7":1,"8":1,"9":1,"10":1,"11":1,"12":1,"13":1,"14":2,"15":2,"16":2,"17":2,"18":0,"19":0,"20":0,"21":0,"22":0,"23":0,"24":2,"25":0,"26":2},"f":{"0":44,"1":44,"2":2,"3":2,"4":0,"5":0,"6":2},"b":{"0":[0,0],"1":[0,0],"2":[0,2]},"_coverageSchema":"332fd63041d2c1bcb487cc26dd0d5f7d97098a6c","hash":"1daec8f0bf277583f5aa3393fb6c2ad1c70ebcfb"}
,"/Users/georgedino/Desktop/Code/HackReactor/HRRPT10/sprints/rpt10-FEC/george-categories-component/client/components/RecentBroadcasts.jsx": {"path":"/Users/georgedino/Desktop/Code/HackReactor/HRRPT10/sprints/rpt10-FEC/george-categories-component/client/components/RecentBroadcasts.jsx","statementMap":{"0":{"start":{"line":5,"column":18},"end":{"line":10,"column":1}},"1":{"start":{"line":12,"column":13},"end":{"line":18,"column":1}},"2":{"start":{"line":20,"column":15},"end":{"line":29,"column":1}},"3":{"start":{"line":22,"column":35},"end":{"line":22,"column":44}},"4":{"start":{"line":31,"column":16},"end":{"line":31,"column":28}},"5":{"start":{"line":33,"column":22},"end":{"line":42,"column":1}},"6":{"start":{"line":35,"column":35},"end":{"line":35,"column":44}},"7":{"start":{"line":44,"column":20},"end":{"line":54,"column":1}},"8":{"start":{"line":56,"column":18},"end":{"line":65,"column":1}},"9":{"start":{"line":67,"column":18},"end":{"line":77,"column":1}},"10":{"start":{"line":79,"column":15},"end":{"line":86,"column":1}},"11":{"start":{"line":88,"column":17},"end":{"line":98,"column":1}},"12":{"start":{"line":100,"column":14},"end":{"line":110,"column":1}},"13":{"start":{"line":112,"column":18},"end":{"line":122,"column":1}},"14":{"start":{"line":126,"column":4},"end":{"line":126,"column":17}},"15":{"start":{"line":127,"column":4},"end":{"line":129,"column":5}},"16":{"start":{"line":130,"column":4},"end":{"line":130,"column":57}},"17":{"start":{"line":134,"column":6},"end":{"line":285,"column":8}},"18":{"start":{"line":289,"column":4},"end":{"line":297,"column":7}},"19":{"start":{"line":290,"column":25},"end":{"line":290,"column":56}},"20":{"start":{"line":291,"column":24},"end":{"line":291,"column":51}},"21":{"start":{"line":292,"column":6},"end":{"line":296,"column":7}},"22":{"start":{"line":293,"column":8},"end":{"line":293,"column":40}},"23":{"start":{"line":295,"column":8},"end":{"line":295,"column":15}},"24":{"start":{"line":301,"column":4},"end":{"line":309,"column":5}},"25":{"start":{"line":302,"column":6},"end":{"line":302,"column":63}},"26":{"start":{"line":304,"column":6},"end":{"line":308,"column":8}}},"fnMap":{"0":{"name":"(anonymous_0)","decl":{"start":{"line":22,"column":26},"end":{"line":22,"column":27}},"loc":{"start":{"line":22,"column":35},"end":{"line":22,"column":44}},"line":22},"1":{"name":"(anonymous_1)","decl":{"start":{"line":35,"column":26},"end":{"line":35,"column":27}},"loc":{"start":{"line":35,"column":35},"end":{"line":35,"column":44}},"line":35},"2":{"name":"(anonymous_2)","decl":{"start":{"line":125,"column":2},"end":{"line":125,"column":3}},"loc":{"start":{"line":125,"column":21},"end":{"line":131,"column":3}},"line":125},"3":{"name":"(anonymous_3)","decl":{"start":{"line":133,"column":19},"end":{"line":133,"column":20}},"loc":{"start":{"line":133,"column":25},"end":{"line":286,"column":3}},"line":133},"4":{"name":"(anonymous_4)","decl":{"start":{"line":288,"column":2},"end":{"line":288,"column":3}},"loc":{"start":{"line":288,"column":23},"end":{"line":298,"column":3}},"line":288},"5":{"name":"(anonymous_5)","decl":{"start":{"line":289,"column":18},"end":{"line":289,"column":19}},"loc":{"start":{"line":289,"column":40},"end":{"line":297,"column":5}},"line":289},"6":{"name":"(anonymous_6)","decl":{"start":{"line":300,"column":2},"end":{"line":300,"column":3}},"loc":{"start":{"line":300,"column":11},"end":{"line":310,"column":3}},"line":300}},"branchMap":{"0":{"loc":{"start":{"line":292,"column":6},"end":{"line":296,"column":7}},"type":"if","locations":[{"start":{"line":292,"column":6},"end":{"line":296,"column":7}},{"start":{"line":292,"column":6},"end":{"line":296,"column":7}}],"line":292},"1":{"loc":{"start":{"line":292,"column":10},"end":{"line":292,"column":67}},"type":"binary-expr","locations":[{"start":{"line":292,"column":10},"end":{"line":292,"column":35}},{"start":{"line":292,"column":39},"end":{"line":292,"column":67}}],"line":292},"2":{"loc":{"start":{"line":301,"column":4},"end":{"line":309,"column":5}},"type":"if","locations":[{"start":{"line":301,"column":4},"end":{"line":309,"column":5}},{"start":{"line":301,"column":4},"end":{"line":309,"column":5}}],"line":301}},"s":{"0":1,"1":1,"2":1,"3":44,"4":1,"5":1,"6":44,"7":1,"8":1,"9":1,"10":1,"11":1,"12":1,"13":1,"14":2,"15":2,"16":2,"17":2,"18":0,"19":0,"20":0,"21":0,"22":0,"23":0,"24":2,"25":0,"26":2},"f":{"0":44,"1":44,"2":2,"3":2,"4":0,"5":0,"6":2},"b":{"0":[0,0],"1":[0,0],"2":[0,2]},"_coverageSchema":"332fd63041d2c1bcb487cc26dd0d5f7d97098a6c","hash":"e91ab040553f87646aa8ceec3e2b988cd33fe062"}
,"/Users/georgedino/Desktop/Code/HackReactor/HRRPT10/sprints/rpt10-FEC/george-categories-component/client/components/RecentHighlights.jsx": {"path":"/Users/georgedino/Desktop/Code/HackReactor/HRRPT10/sprints/rpt10-FEC/george-categories-component/client/components/RecentHighlights.jsx","statementMap":{"0":{"start":{"line":5,"column":18},"end":{"line":10,"column":1}},"1":{"start":{"line":12,"column":13},"end":{"line":18,"column":1}},"2":{"start":{"line":20,"column":15},"end":{"line":29,"column":1}},"3":{"start":{"line":22,"column":35},"end":{"line":22,"column":44}},"4":{"start":{"line":31,"column":16},"end":{"line":31,"column":28}},"5":{"start":{"line":33,"column":22},"end":{"line":42,"column":1}},"6":{"start":{"line":35,"column":35},"end":{"line":35,"column":44}},"7":{"start":{"line":44,"column":20},"end":{"line":54,"column":1}},"8":{"start":{"line":56,"column":18},"end":{"line":65,"column":1}},"9":{"start":{"line":67,"column":18},"end":{"line":77,"column":1}},"10":{"start":{"line":79,"column":15},"end":{"line":86,"column":1}},"11":{"start":{"line":88,"column":17},"end":{"line":98,"column":1}},"12":{"start":{"line":100,"column":14},"end":{"line":110,"column":1}},"13":{"start":{"line":112,"column":18},"end":{"line":122,"column":1}},"14":{"start":{"line":126,"column":4},"end":{"line":126,"column":17}},"15":{"start":{"line":127,"column":4},"end":{"line":129,"column":5}},"16":{"start":{"line":130,"column":4},"end":{"line":130,"column":57}},"17":{"start":{"line":134,"column":6},"end":{"line":285,"column":8}},"18":{"start":{"line":289,"column":4},"end":{"line":297,"column":7}},"19":{"start":{"line":290,"column":25},"end":{"line":290,"column":56}},"20":{"start":{"line":291,"column":24},"end":{"line":291,"column":51}},"21":{"start":{"line":292,"column":6},"end":{"line":296,"column":7}},"22":{"start":{"line":293,"column":8},"end":{"line":293,"column":40}},"23":{"start":{"line":295,"column":8},"end":{"line":295,"column":15}},"24":{"start":{"line":301,"column":4},"end":{"line":309,"column":5}},"25":{"start":{"line":302,"column":6},"end":{"line":302,"column":63}},"26":{"start":{"line":304,"column":6},"end":{"line":308,"column":8}}},"fnMap":{"0":{"name":"(anonymous_0)","decl":{"start":{"line":22,"column":26},"end":{"line":22,"column":27}},"loc":{"start":{"line":22,"column":35},"end":{"line":22,"column":44}},"line":22},"1":{"name":"(anonymous_1)","decl":{"start":{"line":35,"column":26},"end":{"line":35,"column":27}},"loc":{"start":{"line":35,"column":35},"end":{"line":35,"column":44}},"line":35},"2":{"name":"(anonymous_2)","decl":{"start":{"line":125,"column":2},"end":{"line":125,"column":3}},"loc":{"start":{"line":125,"column":21},"end":{"line":131,"column":3}},"line":125},"3":{"name":"(anonymous_3)","decl":{"start":{"line":133,"column":19},"end":{"line":133,"column":20}},"loc":{"start":{"line":133,"column":25},"end":{"line":286,"column":3}},"line":133},"4":{"name":"(anonymous_4)","decl":{"start":{"line":288,"column":2},"end":{"line":288,"column":3}},"loc":{"start":{"line":288,"column":23},"end":{"line":298,"column":3}},"line":288},"5":{"name":"(anonymous_5)","decl":{"start":{"line":289,"column":18},"end":{"line":289,"column":19}},"loc":{"start":{"line":289,"column":40},"end":{"line":297,"column":5}},"line":289},"6":{"name":"(anonymous_6)","decl":{"start":{"line":300,"column":2},"end":{"line":300,"column":3}},"loc":{"start":{"line":300,"column":11},"end":{"line":310,"column":3}},"line":300}},"branchMap":{"0":{"loc":{"start":{"line":292,"column":6},"end":{"line":296,"column":7}},"type":"if","locations":[{"start":{"line":292,"column":6},"end":{"line":296,"column":7}},{"start":{"line":292,"column":6},"end":{"line":296,"column":7}}],"line":292},"1":{"loc":{"start":{"line":292,"column":10},"end":{"line":292,"column":67}},"type":"binary-expr","locations":[{"start":{"line":292,"column":10},"end":{"line":292,"column":35}},{"start":{"line":292,"column":39},"end":{"line":292,"column":67}}],"line":292},"2":{"loc":{"start":{"line":301,"column":4},"end":{"line":309,"column":5}},"type":"if","locations":[{"start":{"line":301,"column":4},"end":{"line":309,"column":5}},{"start":{"line":301,"column":4},"end":{"line":309,"column":5}}],"line":301}},"s":{"0":1,"1":1,"2":1,"3":44,"4":1,"5":1,"6":44,"7":1,"8":1,"9":1,"10":1,"11":1,"12":1,"13":1,"14":2,"15":2,"16":2,"17":2,"18":0,"19":0,"20":0,"21":0,"22":0,"23":0,"24":2,"25":0,"26":2},"f":{"0":44,"1":44,"2":2,"3":2,"4":0,"5":0,"6":2},"b":{"0":[0,0],"1":[0,0],"2":[0,2]},"_coverageSchema":"332fd63041d2c1bcb487cc26dd0d5f7d97098a6c","hash":"67d89e537d1f2988e9430a854bb96336cc4c2e99"}
,"/Users/georgedino/Desktop/Code/HackReactor/HRRPT10/sprints/rpt10-FEC/george-categories-component/client/components/mockTestData.js": {"path":"/Users/georgedino/Desktop/Code/HackReactor/HRRPT10/sprints/rpt10-FEC/george-categories-component/client/components/mockTestData.js","statementMap":{"0":{"start":{"line":1,"column":25},"end":{"line":225,"column":2}},"1":{"start":{"line":227,"column":25},"end":{"line":451,"column":2}},"2":{"start":{"line":453,"column":21},"end":{"line":692,"column":2}}},"fnMap":{},"branchMap":{},"s":{"0":1,"1":1,"2":1},"f":{},"b":{},"_coverageSchema":"332fd63041d2c1bcb487cc26dd0d5f7d97098a6c","hash":"5fc495dce94a3971e408d399ebb35885dc60a475"}
}
