{"/Users/georgedino/Desktop/Code/HackReactor/HRRPT10/sprints/rpt10-FEC/george-categories-component/setupJest.js": {"path":"/Users/georgedino/Desktop/Code/HackReactor/HRRPT10/sprints/rpt10-FEC/george-categories-component/setupJest.js","statementMap":{"0":{"start":{"line":1,"column":0},"end":{"line":1,"column":42}}},"fnMap":{},"branchMap":{},"s":{"0":1},"f":{},"b":{},"_coverageSchema":"332fd63041d2c1bcb487cc26dd0d5f7d97098a6c","hash":"880a22011ad0e378e4a07e879577baa3117ca483"}
,"/Users/georgedino/Desktop/Code/HackReactor/HRRPT10/sprints/rpt10-FEC/george-categories-component/client/components/CarouselGenerator.jsx": {"path":"/Users/georgedino/Desktop/Code/HackReactor/HRRPT10/sprints/rpt10-FEC/george-categories-component/client/components/CarouselGenerator.jsx","statementMap":{"0":{"start":{"line":8,"column":17},"end":{"line":10,"column":6}},"1":{"start":{"line":9,"column":6},"end":{"line":9,"column":75}},"2":{"start":{"line":12,"column":4},"end":{"line":34,"column":6}},"3":{"start":{"line":24,"column":14},"end":{"line":24,"column":68}},"4":{"start":{"line":27,"column":14},"end":{"line":27,"column":60}}},"fnMap":{"0":{"name":"(anonymous_0)","decl":{"start":{"line":7,"column":2},"end":{"line":7,"column":3}},"loc":{"start":{"line":7,"column":11},"end":{"line":35,"column":3}},"line":7},"1":{"name":"(anonymous_1)","decl":{"start":{"line":8,"column":39},"end":{"line":8,"column":40}},"loc":{"start":{"line":8,"column":57},"end":{"line":10,"column":5}},"line":8},"2":{"name":"(anonymous_2)","decl":{"start":{"line":23,"column":38},"end":{"line":23,"column":39}},"loc":{"start":{"line":24,"column":14},"end":{"line":24,"column":68}},"line":24},"3":{"name":"(anonymous_3)","decl":{"start":{"line":26,"column":39},"end":{"line":26,"column":40}},"loc":{"start":{"line":27,"column":14},"end":{"line":27,"column":60}},"line":27}},"branchMap":{},"s":{"0":6,"1":90,"2":6,"3":12,"4":12},"f":{"0":6,"1":90,"2":12,"3":12},"b":{},"_coverageSchema":"332fd63041d2c1bcb487cc26dd0d5f7d97098a6c","hash":"4ad906128ca15b753da047d08f63e542c0b085fa"}
,"/Users/georgedino/Desktop/Code/HackReactor/HRRPT10/sprints/rpt10-FEC/george-categories-component/client/components/Categorized_Lists.jsx": {"path":"/Users/georgedino/Desktop/Code/HackReactor/HRRPT10/sprints/rpt10-FEC/george-categories-component/client/components/Categorized_Lists.jsx","statementMap":{"0":{"start":{"line":8,"column":4},"end":{"line":8,"column":17}},"1":{"start":{"line":9,"column":4},"end":{"line":13,"column":5}},"2":{"start":{"line":17,"column":20},"end":{"line":17,"column":22}},"3":{"start":{"line":18,"column":4},"end":{"line":41,"column":7}},"4":{"start":{"line":19,"column":22},"end":{"line":19,"column":37}},"5":{"start":{"line":21,"column":6},"end":{"line":21,"column":40}},"6":{"start":{"line":22,"column":6},"end":{"line":22,"column":41}},"7":{"start":{"line":24,"column":22},"end":{"line":24,"column":37}},"8":{"start":{"line":26,"column":6},"end":{"line":26,"column":40}},"9":{"start":{"line":27,"column":6},"end":{"line":27,"column":37}},"10":{"start":{"line":29,"column":22},"end":{"line":29,"column":37}},"11":{"start":{"line":31,"column":6},"end":{"line":31,"column":36}},"12":{"start":{"line":32,"column":6},"end":{"line":32,"column":23}},"13":{"start":{"line":36,"column":6},"end":{"line":40,"column":9}},"14":{"start":{"line":45,"column":4},"end":{"line":55,"column":5}},"15":{"start":{"line":46,"column":6},"end":{"line":46,"column":64}},"16":{"start":{"line":48,"column":6},"end":{"line":54,"column":8}}},"fnMap":{"0":{"name":"(anonymous_0)","decl":{"start":{"line":7,"column":2},"end":{"line":7,"column":3}},"loc":{"start":{"line":7,"column":21},"end":{"line":14,"column":3}},"line":7},"1":{"name":"(anonymous_1)","decl":{"start":{"line":16,"column":2},"end":{"line":16,"column":3}},"loc":{"start":{"line":16,"column":22},"end":{"line":42,"column":3}},"line":16},"2":{"name":"(anonymous_2)","decl":{"start":{"line":19,"column":10},"end":{"line":19,"column":11}},"loc":{"start":{"line":19,"column":22},"end":{"line":19,"column":37}},"line":19},"3":{"name":"(anonymous_3)","decl":{"start":{"line":20,"column":10},"end":{"line":20,"column":11}},"loc":{"start":{"line":20,"column":20},"end":{"line":23,"column":5}},"line":20},"4":{"name":"(anonymous_4)","decl":{"start":{"line":24,"column":10},"end":{"line":24,"column":11}},"loc":{"start":{"line":24,"column":22},"end":{"line":24,"column":37}},"line":24},"5":{"name":"(anonymous_5)","decl":{"start":{"line":25,"column":10},"end":{"line":25,"column":11}},"loc":{"start":{"line":25,"column":20},"end":{"line":28,"column":5}},"line":25},"6":{"name":"(anonymous_6)","decl":{"start":{"line":29,"column":10},"end":{"line":29,"column":11}},"loc":{"start":{"line":29,"column":22},"end":{"line":29,"column":37}},"line":29},"7":{"name":"(anonymous_7)","decl":{"start":{"line":30,"column":10},"end":{"line":30,"column":11}},"loc":{"start":{"line":30,"column":20},"end":{"line":33,"column":5}},"line":30},"8":{"name":"(anonymous_8)","decl":{"start":{"line":34,"column":10},"end":{"line":34,"column":11}},"loc":{"start":{"line":34,"column":25},"end":{"line":41,"column":5}},"line":34},"9":{"name":"(anonymous_9)","decl":{"start":{"line":44,"column":2},"end":{"line":44,"column":3}},"loc":{"start":{"line":44,"column":11},"end":{"line":56,"column":3}},"line":44}},"branchMap":{"0":{"loc":{"start":{"line":45,"column":4},"end":{"line":55,"column":5}},"type":"if","locations":[{"start":{"line":45,"column":4},"end":{"line":55,"column":5}},{"start":{"line":45,"column":4},"end":{"line":55,"column":5}}],"line":45},"1":{"loc":{"start":{"line":45,"column":8},"end":{"line":45,"column":120}},"type":"binary-expr","locations":[{"start":{"line":45,"column":8},"end":{"line":45,"column":44}},{"start":{"line":45,"column":48},"end":{"line":45,"column":84}},{"start":{"line":45,"column":88},"end":{"line":45,"column":120}}],"line":45}},"s":{"0":1,"1":1,"2":1,"3":1,"4":1,"5":1,"6":1,"7":1,"8":1,"9":1,"10":1,"11":1,"12":1,"13":1,"14":2,"15":1,"16":1},"f":{"0":1,"1":1,"2":1,"3":1,"4":1,"5":1,"6":1,"7":1,"8":1,"9":2},"b":{"0":[1,1],"1":[2,1,1]},"_coverageSchema":"332fd63041d2c1bcb487cc26dd0d5f7d97098a6c","hash":"62c032fdc2fc60a1ec7ef7af62e8e6fd54896b3e"}
,"/Users/georgedino/Desktop/Code/HackReactor/HRRPT10/sprints/rpt10-FEC/george-categories-component/client/components/PopularClips.jsx": {"path":"/Users/georgedino/Desktop/Code/HackReactor/HRRPT10/sprints/rpt10-FEC/george-categories-component/client/components/PopularClips.jsx","statementMap":{"0":{"start":{"line":6,"column":4},"end":{"line":6,"column":17}},"1":{"start":{"line":7,"column":4},"end":{"line":10,"column":5}},"2":{"start":{"line":14,"column":4},"end":{"line":22,"column":7}},"3":{"start":{"line":15,"column":25},"end":{"line":15,"column":56}},"4":{"start":{"line":16,"column":24},"end":{"line":16,"column":51}},"5":{"start":{"line":17,"column":6},"end":{"line":21,"column":7}},"6":{"start":{"line":18,"column":8},"end":{"line":18,"column":40}},"7":{"start":{"line":20,"column":8},"end":{"line":20,"column":15}},"8":{"start":{"line":26,"column":4},"end":{"line":34,"column":5}},"9":{"start":{"line":27,"column":6},"end":{"line":27,"column":63}},"10":{"start":{"line":29,"column":6},"end":{"line":33,"column":8}}},"fnMap":{"0":{"name":"(anonymous_0)","decl":{"start":{"line":5,"column":2},"end":{"line":5,"column":3}},"loc":{"start":{"line":5,"column":21},"end":{"line":11,"column":3}},"line":5},"1":{"name":"(anonymous_1)","decl":{"start":{"line":13,"column":2},"end":{"line":13,"column":3}},"loc":{"start":{"line":13,"column":23},"end":{"line":23,"column":3}},"line":13},"2":{"name":"(anonymous_2)","decl":{"start":{"line":14,"column":18},"end":{"line":14,"column":19}},"loc":{"start":{"line":14,"column":40},"end":{"line":22,"column":5}},"line":14},"3":{"name":"(anonymous_3)","decl":{"start":{"line":25,"column":2},"end":{"line":25,"column":3}},"loc":{"start":{"line":25,"column":11},"end":{"line":35,"column":3}},"line":25}},"branchMap":{"0":{"loc":{"start":{"line":17,"column":6},"end":{"line":21,"column":7}},"type":"if","locations":[{"start":{"line":17,"column":6},"end":{"line":21,"column":7}},{"start":{"line":17,"column":6},"end":{"line":21,"column":7}}],"line":17},"1":{"loc":{"start":{"line":17,"column":10},"end":{"line":17,"column":67}},"type":"binary-expr","locations":[{"start":{"line":17,"column":10},"end":{"line":17,"column":35}},{"start":{"line":17,"column":39},"end":{"line":17,"column":67}}],"line":17},"2":{"loc":{"start":{"line":26,"column":4},"end":{"line":34,"column":5}},"type":"if","locations":[{"start":{"line":26,"column":4},"end":{"line":34,"column":5}},{"start":{"line":26,"column":4},"end":{"line":34,"column":5}}],"line":26}},"s":{"0":2,"1":2,"2":0,"3":0,"4":0,"5":0,"6":0,"7":0,"8":2,"9":0,"10":2},"f":{"0":2,"1":0,"2":0,"3":2},"b":{"0":[0,0],"1":[0,0],"2":[0,2]},"_coverageSchema":"332fd63041d2c1bcb487cc26dd0d5f7d97098a6c","hash":"9fd1fe758d0870dc1e78bfd1201d563aa8895d69"}
,"/Users/georgedino/Desktop/Code/HackReactor/HRRPT10/sprints/rpt10-FEC/george-categories-component/client/components/RecentBroadcasts.jsx": {"path":"/Users/georgedino/Desktop/Code/HackReactor/HRRPT10/sprints/rpt10-FEC/george-categories-component/client/components/RecentBroadcasts.jsx","statementMap":{"0":{"start":{"line":6,"column":4},"end":{"line":6,"column":17}},"1":{"start":{"line":7,"column":4},"end":{"line":10,"column":5}},"2":{"start":{"line":14,"column":4},"end":{"line":22,"column":7}},"3":{"start":{"line":15,"column":25},"end":{"line":15,"column":56}},"4":{"start":{"line":16,"column":24},"end":{"line":16,"column":51}},"5":{"start":{"line":17,"column":6},"end":{"line":21,"column":7}},"6":{"start":{"line":18,"column":8},"end":{"line":18,"column":40}},"7":{"start":{"line":20,"column":8},"end":{"line":20,"column":15}},"8":{"start":{"line":26,"column":4},"end":{"line":34,"column":5}},"9":{"start":{"line":27,"column":6},"end":{"line":27,"column":63}},"10":{"start":{"line":29,"column":6},"end":{"line":33,"column":8}}},"fnMap":{"0":{"name":"(anonymous_0)","decl":{"start":{"line":5,"column":2},"end":{"line":5,"column":3}},"loc":{"start":{"line":5,"column":21},"end":{"line":11,"column":3}},"line":5},"1":{"name":"(anonymous_1)","decl":{"start":{"line":13,"column":2},"end":{"line":13,"column":3}},"loc":{"start":{"line":13,"column":23},"end":{"line":23,"column":3}},"line":13},"2":{"name":"(anonymous_2)","decl":{"start":{"line":14,"column":18},"end":{"line":14,"column":19}},"loc":{"start":{"line":14,"column":40},"end":{"line":22,"column":5}},"line":14},"3":{"name":"(anonymous_3)","decl":{"start":{"line":25,"column":2},"end":{"line":25,"column":3}},"loc":{"start":{"line":25,"column":11},"end":{"line":35,"column":3}},"line":25}},"branchMap":{"0":{"loc":{"start":{"line":17,"column":6},"end":{"line":21,"column":7}},"type":"if","locations":[{"start":{"line":17,"column":6},"end":{"line":21,"column":7}},{"start":{"line":17,"column":6},"end":{"line":21,"column":7}}],"line":17},"1":{"loc":{"start":{"line":17,"column":10},"end":{"line":17,"column":67}},"type":"binary-expr","locations":[{"start":{"line":17,"column":10},"end":{"line":17,"column":35}},{"start":{"line":17,"column":39},"end":{"line":17,"column":67}}],"line":17},"2":{"loc":{"start":{"line":26,"column":4},"end":{"line":34,"column":5}},"type":"if","locations":[{"start":{"line":26,"column":4},"end":{"line":34,"column":5}},{"start":{"line":26,"column":4},"end":{"line":34,"column":5}}],"line":26}},"s":{"0":2,"1":2,"2":0,"3":0,"4":0,"5":0,"6":0,"7":0,"8":2,"9":0,"10":2},"f":{"0":2,"1":0,"2":0,"3":2},"b":{"0":[0,0],"1":[0,0],"2":[0,2]},"_coverageSchema":"332fd63041d2c1bcb487cc26dd0d5f7d97098a6c","hash":"01d38ed17d2a85f413d783aa48a5158bc4cf4233"}
,"/Users/georgedino/Desktop/Code/HackReactor/HRRPT10/sprints/rpt10-FEC/george-categories-component/client/components/RecentHighlights.jsx": {"path":"/Users/georgedino/Desktop/Code/HackReactor/HRRPT10/sprints/rpt10-FEC/george-categories-component/client/components/RecentHighlights.jsx","statementMap":{"0":{"start":{"line":6,"column":4},"end":{"line":6,"column":17}},"1":{"start":{"line":7,"column":4},"end":{"line":10,"column":5}},"2":{"start":{"line":14,"column":4},"end":{"line":22,"column":7}},"3":{"start":{"line":15,"column":25},"end":{"line":15,"column":56}},"4":{"start":{"line":16,"column":24},"end":{"line":16,"column":51}},"5":{"start":{"line":17,"column":6},"end":{"line":21,"column":7}},"6":{"start":{"line":18,"column":8},"end":{"line":18,"column":40}},"7":{"start":{"line":20,"column":8},"end":{"line":20,"column":15}},"8":{"start":{"line":26,"column":4},"end":{"line":34,"column":5}},"9":{"start":{"line":27,"column":6},"end":{"line":27,"column":63}},"10":{"start":{"line":29,"column":6},"end":{"line":33,"column":8}}},"fnMap":{"0":{"name":"(anonymous_0)","decl":{"start":{"line":5,"column":2},"end":{"line":5,"column":3}},"loc":{"start":{"line":5,"column":21},"end":{"line":11,"column":3}},"line":5},"1":{"name":"(anonymous_1)","decl":{"start":{"line":13,"column":2},"end":{"line":13,"column":3}},"loc":{"start":{"line":13,"column":23},"end":{"line":23,"column":3}},"line":13},"2":{"name":"(anonymous_2)","decl":{"start":{"line":14,"column":18},"end":{"line":14,"column":19}},"loc":{"start":{"line":14,"column":40},"end":{"line":22,"column":5}},"line":14},"3":{"name":"(anonymous_3)","decl":{"start":{"line":25,"column":2},"end":{"line":25,"column":3}},"loc":{"start":{"line":25,"column":11},"end":{"line":35,"column":3}},"line":25}},"branchMap":{"0":{"loc":{"start":{"line":17,"column":6},"end":{"line":21,"column":7}},"type":"if","locations":[{"start":{"line":17,"column":6},"end":{"line":21,"column":7}},{"start":{"line":17,"column":6},"end":{"line":21,"column":7}}],"line":17},"1":{"loc":{"start":{"line":17,"column":10},"end":{"line":17,"column":67}},"type":"binary-expr","locations":[{"start":{"line":17,"column":10},"end":{"line":17,"column":35}},{"start":{"line":17,"column":39},"end":{"line":17,"column":67}}],"line":17},"2":{"loc":{"start":{"line":26,"column":4},"end":{"line":34,"column":5}},"type":"if","locations":[{"start":{"line":26,"column":4},"end":{"line":34,"column":5}},{"start":{"line":26,"column":4},"end":{"line":34,"column":5}}],"line":26}},"s":{"0":2,"1":2,"2":0,"3":0,"4":0,"5":0,"6":0,"7":0,"8":2,"9":0,"10":2},"f":{"0":2,"1":0,"2":0,"3":2},"b":{"0":[0,0],"1":[0,0],"2":[0,2]},"_coverageSchema":"332fd63041d2c1bcb487cc26dd0d5f7d97098a6c","hash":"772a7ffc39c6e06dbcbd483916c9cae269c6fc5a"}
,"/Users/georgedino/Desktop/Code/HackReactor/HRRPT10/sprints/rpt10-FEC/george-categories-component/client/components/SlideGenerator.jsx": {"path":"/Users/georgedino/Desktop/Code/HackReactor/HRRPT10/sprints/rpt10-FEC/george-categories-component/client/components/SlideGenerator.jsx","statementMap":{"0":{"start":{"line":17,"column":4},"end":{"line":31,"column":6}}},"fnMap":{"0":{"name":"(anonymous_0)","decl":{"start":{"line":16,"column":2},"end":{"line":16,"column":3}},"loc":{"start":{"line":16,"column":12},"end":{"line":32,"column":3}},"line":16}},"branchMap":{},"s":{"0":180},"f":{"0":180},"b":{},"_coverageSchema":"332fd63041d2c1bcb487cc26dd0d5f7d97098a6c","hash":"d6564b7c9fda556a5a71097e1664f6c26af53a77"}
,"/Users/georgedino/Desktop/Code/HackReactor/HRRPT10/sprints/rpt10-FEC/george-categories-component/client/components/Styles.jsx": {"path":"/Users/georgedino/Desktop/Code/HackReactor/HRRPT10/sprints/rpt10-FEC/george-categories-component/client/components/Styles.jsx","statementMap":{"0":{"start":{"line":3,"column":18},"end":{"line":8,"column":1}},"1":{"start":{"line":10,"column":13},"end":{"line":16,"column":1}},"2":{"start":{"line":18,"column":14},"end":{"line":27,"column":1}},"3":{"start":{"line":20,"column":35},"end":{"line":20,"column":44}},"4":{"start":{"line":29,"column":16},"end":{"line":29,"column":28}},"5":{"start":{"line":31,"column":22},"end":{"line":40,"column":1}},"6":{"start":{"line":33,"column":35},"end":{"line":33,"column":44}},"7":{"start":{"line":42,"column":20},"end":{"line":52,"column":1}},"8":{"start":{"line":54,"column":18},"end":{"line":63,"column":1}},"9":{"start":{"line":65,"column":18},"end":{"line":75,"column":1}},"10":{"start":{"line":77,"column":15},"end":{"line":84,"column":1}},"11":{"start":{"line":86,"column":17},"end":{"line":96,"column":1}},"12":{"start":{"line":98,"column":14},"end":{"line":108,"column":1}},"13":{"start":{"line":110,"column":18},"end":{"line":120,"column":1}},"14":{"start":{"line":122,"column":19},"end":{"line":123,"column":1}},"15":{"start":{"line":125,"column":19},"end":{"line":126,"column":1}}},"fnMap":{"0":{"name":"(anonymous_0)","decl":{"start":{"line":20,"column":26},"end":{"line":20,"column":27}},"loc":{"start":{"line":20,"column":35},"end":{"line":20,"column":44}},"line":20},"1":{"name":"(anonymous_1)","decl":{"start":{"line":33,"column":26},"end":{"line":33,"column":27}},"loc":{"start":{"line":33,"column":35},"end":{"line":33,"column":44}},"line":33}},"branchMap":{},"s":{"0":1,"1":1,"2":1,"3":360,"4":1,"5":1,"6":360,"7":1,"8":1,"9":1,"10":1,"11":1,"12":1,"13":1,"14":1,"15":1},"f":{"0":360,"1":360},"b":{},"_coverageSchema":"332fd63041d2c1bcb487cc26dd0d5f7d97098a6c","hash":"7f3daf0156258926148b50dda8f4262e70324b69"}
,"/Users/georgedino/Desktop/Code/HackReactor/HRRPT10/sprints/rpt10-FEC/george-categories-component/client/components/mockTestData.js": {"path":"/Users/georgedino/Desktop/Code/HackReactor/HRRPT10/sprints/rpt10-FEC/george-categories-component/client/components/mockTestData.js","statementMap":{"0":{"start":{"line":1,"column":25},"end":{"line":225,"column":2}},"1":{"start":{"line":226,"column":25},"end":{"line":450,"column":2}},"2":{"start":{"line":451,"column":21},"end":{"line":690,"column":2}}},"fnMap":{},"branchMap":{},"s":{"0":1,"1":1,"2":1},"f":{},"b":{},"_coverageSchema":"332fd63041d2c1bcb487cc26dd0d5f7d97098a6c","hash":"b957fcdcc20527968ece2e2f82c0e49ee57a394e"}
}
