TN:
SF:/Users/georgedino/Desktop/Code/HackReactor/HRRPT10/sprints/rpt10-FEC/george-categories-component/setupJest.js
FNF:0
FNH:0
DA:1,1
LF:1
LH:1
BRF:0
BRH:0
end_of_record
TN:
SF:/Users/georgedino/Desktop/Code/HackReactor/HRRPT10/sprints/rpt10-FEC/george-categories-component/client/components/Categorized_Lists.jsx
FN:7,(anonymous_0)
FN:16,(anonymous_1)
FN:19,(anonymous_2)
FN:20,(anonymous_3)
FN:24,(anonymous_4)
FN:25,(anonymous_5)
FN:29,(anonymous_6)
FN:30,(anonymous_7)
FN:34,(anonymous_8)
FN:44,(anonymous_9)
FNF:10
FNH:10
FNDA:1,(anonymous_0)
FNDA:1,(anonymous_1)
FNDA:1,(anonymous_2)
FNDA:1,(anonymous_3)
FNDA:1,(anonymous_4)
FNDA:1,(anonymous_5)
FNDA:1,(anonymous_6)
FNDA:1,(anonymous_7)
FNDA:1,(anonymous_8)
FNDA:2,(anonymous_9)
DA:8,1
DA:9,1
DA:17,1
DA:18,1
DA:19,1
DA:21,1
DA:22,1
DA:24,1
DA:26,1
DA:27,1
DA:29,1
DA:31,1
DA:32,1
DA:36,1
DA:45,2
DA:46,1
DA:48,1
LF:17
LH:17
BRDA:45,0,0,1
BRDA:45,0,1,1
BRDA:45,1,0,2
BRDA:45,1,1,1
BRDA:45,1,2,1
BRF:5
BRH:5
end_of_record
TN:
SF:/Users/georgedino/Desktop/Code/HackReactor/HRRPT10/sprints/rpt10-FEC/george-categories-component/client/components/PopularClips.jsx
FN:22,(anonymous_0)
FN:35,(anonymous_1)
FN:125,(anonymous_2)
FN:133,(anonymous_3)
FN:288,(anonymous_4)
FN:289,(anonymous_5)
FN:300,(anonymous_6)
FNF:7
FNH:5
FNDA:44,(anonymous_0)
FNDA:44,(anonymous_1)
FNDA:2,(anonymous_2)
FNDA:2,(anonymous_3)
FNDA:0,(anonymous_4)
FNDA:0,(anonymous_5)
FNDA:2,(anonymous_6)
DA:5,1
DA:12,1
DA:20,1
DA:22,44
DA:31,1
DA:33,1
DA:35,44
DA:44,1
DA:56,1
DA:67,1
DA:79,1
DA:88,1
DA:100,1
DA:112,1
DA:126,2
DA:127,2
DA:130,2
DA:134,2
DA:289,0
DA:290,0
DA:291,0
DA:292,0
DA:293,0
DA:295,0
DA:301,2
DA:302,0
DA:304,2
LF:27
LH:20
BRDA:292,0,0,0
BRDA:292,0,1,0
BRDA:292,1,0,0
BRDA:292,1,1,0
BRDA:301,2,0,0
BRDA:301,2,1,2
BRF:6
BRH:1
end_of_record
TN:
SF:/Users/georgedino/Desktop/Code/HackReactor/HRRPT10/sprints/rpt10-FEC/george-categories-component/client/components/RecentBroadcasts.jsx
FN:22,(anonymous_0)
FN:35,(anonymous_1)
FN:125,(anonymous_2)
FN:133,(anonymous_3)
FN:288,(anonymous_4)
FN:289,(anonymous_5)
FN:300,(anonymous_6)
FNF:7
FNH:5
FNDA:44,(anonymous_0)
FNDA:44,(anonymous_1)
FNDA:2,(anonymous_2)
FNDA:2,(anonymous_3)
FNDA:0,(anonymous_4)
FNDA:0,(anonymous_5)
FNDA:2,(anonymous_6)
DA:5,1
DA:12,1
DA:20,1
DA:22,44
DA:31,1
DA:33,1
DA:35,44
DA:44,1
DA:56,1
DA:67,1
DA:79,1
DA:88,1
DA:100,1
DA:112,1
DA:126,2
DA:127,2
DA:130,2
DA:134,2
DA:289,0
DA:290,0
DA:291,0
DA:292,0
DA:293,0
DA:295,0
DA:301,2
DA:302,0
DA:304,2
LF:27
LH:20
BRDA:292,0,0,0
BRDA:292,0,1,0
BRDA:292,1,0,0
BRDA:292,1,1,0
BRDA:301,2,0,0
BRDA:301,2,1,2
BRF:6
BRH:1
end_of_record
TN:
SF:/Users/georgedino/Desktop/Code/HackReactor/HRRPT10/sprints/rpt10-FEC/george-categories-component/client/components/RecentHighlights.jsx
FN:22,(anonymous_0)
FN:35,(anonymous_1)
FN:125,(anonymous_2)
FN:133,(anonymous_3)
FN:288,(anonymous_4)
FN:289,(anonymous_5)
FN:300,(anonymous_6)
FNF:7
FNH:5
FNDA:44,(anonymous_0)
FNDA:44,(anonymous_1)
FNDA:2,(anonymous_2)
FNDA:2,(anonymous_3)
FNDA:0,(anonymous_4)
FNDA:0,(anonymous_5)
FNDA:2,(anonymous_6)
DA:5,1
DA:12,1
DA:20,1
DA:22,44
DA:31,1
DA:33,1
DA:35,44
DA:44,1
DA:56,1
DA:67,1
DA:79,1
DA:88,1
DA:100,1
DA:112,1
DA:126,2
DA:127,2
DA:130,2
DA:134,2
DA:289,0
DA:290,0
DA:291,0
DA:292,0
DA:293,0
DA:295,0
DA:301,2
DA:302,0
DA:304,2
LF:27
LH:20
BRDA:292,0,0,0
BRDA:292,0,1,0
BRDA:292,1,0,0
BRDA:292,1,1,0
BRDA:301,2,0,0
BRDA:301,2,1,2
BRF:6
BRH:1
end_of_record
TN:
SF:/Users/georgedino/Desktop/Code/HackReactor/HRRPT10/sprints/rpt10-FEC/george-categories-component/client/components/mockTestData.js
FNF:0
FNH:0
DA:1,1
DA:227,1
DA:453,1
LF:3
LH:3
BRF:0
BRH:0
end_of_record
